#
# There is insufficient memory for the Java Runtime Environment to continue.
# Native memory allocation (malloc) failed to allocate 1048576 bytes. Error detail: AllocateHeap
# Possible reasons:
#   The system is out of physical RAM or swap space
#   This process is running with CompressedOops enabled, and the Java Heap may be blocking the growth of the native heap
# Possible solutions:
#   Reduce memory load on the system
#   Increase physical memory or swap space
#   Check if swap backing store is full
#   Decrease Java heap size (-Xmx/-Xms)
#   Decrease number of Java threads
#   Decrease Java thread stack sizes (-Xss)
#   Set larger code cache with -XX:ReservedCodeCacheSize=
#   JVM is running with Unscaled Compressed Oops mode in which the Java heap is
#     placed in the first 4GB address space. The Java Heap base address is the
#     maximum limit for the native heap growth. Please use -XX:HeapBaseMinAddress
#     to set the Java Heap base and to place the Java Heap above 4GB virtual address.
# This output file may be truncated or incomplete.
#
#  Out of Memory Error (allocation.cpp:44), pid=992, tid=17896
#
# JRE version: OpenJDK Runtime Environment Temurin-17.0.11+9 (17.0.11+9) (build 17.0.11+9)
# Java VM: OpenJDK 64-Bit Server VM Temurin-17.0.11+9 (17.0.11+9, mixed mode, emulated-client, tiered, compressed oops, compressed class ptrs, g1 gc, windows-amd64)
# No core dump will be written. Minidumps are not enabled by default on client versions of Windows
#

---------------  S U M M A R Y ------------

Command Line: -Xmx1024m -Dsts.lsp.client=vscode -Dsts.log.file=/dev/null -XX:TieredStopAtLevel=1 -Xlog:jni+resolve=off -Dspring.config.location=file:c:\Users\bane8\.vscode\extensions\vmware.vscode-spring-boot-1.56.0\language-server\BOOT-INF\classes\application.properties org.springframework.ide.vscode.boot.app.BootLanguageServerBootApp

Host: Intel(R) Core(TM) i5-4210M CPU @ 2.60GHz, 4 cores, 7G,  Windows 11 , 64 bit Build 22621 (10.0.22621.3672)
Time: Sat Aug  3 11:04:14 2024 Greenwich elapsed time: 559.050302 seconds (0d 0h 9m 19s)

---------------  T H R E A D  ---------------

Current thread (0x00000295c784c250):  VMThread "VM Thread" [stack: 0x000000c913600000,0x000000c913700000] [id=17896]

Stack: [0x000000c913600000,0x000000c913700000]
Native frames: (J=compiled Java code, j=interpreted, Vv=VM code, C=native code)
V  [jvm.dll+0x67d429]
V  [jvm.dll+0x834b7a]
V  [jvm.dll+0x83663e]
V  [jvm.dll+0x836ca3]
V  [jvm.dll+0x247dbf]
V  [jvm.dll+0xa6cb3]
V  [jvm.dll+0x2f8ad3]
V  [jvm.dll+0x2f4750]
V  [jvm.dll+0x2dcf67]
V  [jvm.dll+0x31fb67]
V  [jvm.dll+0x83b19b]
V  [jvm.dll+0x83bed2]
V  [jvm.dll+0x83c3ed]
V  [jvm.dll+0x83c7c4]
V  [jvm.dll+0x83c890]
V  [jvm.dll+0x7e410a]
V  [jvm.dll+0x67c315]
C  [ucrtbase.dll+0x29333]
C  [KERNEL32.DLL+0x1257d]
C  [ntdll.dll+0x5af28]

VM_Operation (0x000000c9148fee70): G1CollectFull, mode: safepoint, requested by thread 0x00000295cd0939a0


---------------  P R O C E S S  ---------------

Threads class SMR info:
_java_thread_list=0x00000295cd3595a0, length=23, elements={
0x00000295c786f390, 0x00000295c7871f30, 0x00000295c7892e40, 0x00000295c7894880,
0x00000295c7895150, 0x00000295c7895a20, 0x00000295c78963a0, 0x00000295c79ee030,
0x00000295c7be30a0, 0x00000295c7be6840, 0x00000295cd4700b0, 0x00000295cd0939a0,
0x00000295cd506300, 0x00000295bb20afb0, 0x00000295cd57a020, 0x00000295ccf46040,
0x00000295cd5e1440, 0x00000295ccefb0b0, 0x00000295ccefd420, 0x00000295ccefb5c0,
0x00000295ccefcf10, 0x00000295ccefbad0, 0x00000295ccefc4f0
}

Java Threads: ( => current thread )
  0x00000295c786f390 JavaThread "Reference Handler" daemon [_thread_blocked, id=17316, stack(0x000000c913700000,0x000000c913800000)]
  0x00000295c7871f30 JavaThread "Finalizer" daemon [_thread_blocked, id=20428, stack(0x000000c913800000,0x000000c913900000)]
  0x00000295c7892e40 JavaThread "Signal Dispatcher" daemon [_thread_blocked, id=21004, stack(0x000000c913900000,0x000000c913a00000)]
  0x00000295c7894880 JavaThread "Attach Listener" daemon [_thread_blocked, id=9664, stack(0x000000c913a00000,0x000000c913b00000)]
  0x00000295c7895150 JavaThread "Service Thread" daemon [_thread_blocked, id=25292, stack(0x000000c913b00000,0x000000c913c00000)]
  0x00000295c7895a20 JavaThread "Monitor Deflation Thread" daemon [_thread_blocked, id=6952, stack(0x000000c913c00000,0x000000c913d00000)]
  0x00000295c78963a0 JavaThread "C1 CompilerThread0" daemon [_thread_blocked, id=11260, stack(0x000000c913d00000,0x000000c913e00000)]
  0x00000295c79ee030 JavaThread "Sweeper thread" daemon [_thread_blocked, id=10440, stack(0x000000c913e00000,0x000000c913f00000)]
  0x00000295c7be30a0 JavaThread "Notification Thread" daemon [_thread_blocked, id=25520, stack(0x000000c913f00000,0x000000c914000000)]
  0x00000295c7be6840 JavaThread "Common-Cleaner" daemon [_thread_blocked, id=20116, stack(0x000000c914100000,0x000000c914200000)]
  0x00000295cd4700b0 JavaThread "boundedElastic-evictor-1" daemon [_thread_blocked, id=10436, stack(0x000000c914700000,0x000000c914800000)]
  0x00000295cd0939a0 JavaThread "pool-13-thread-1" [_thread_blocked, id=6444, stack(0x000000c914800000,0x000000c914900000)]
  0x00000295cd506300 JavaThread "LanguageServerApp-lifecycle" [_thread_blocked, id=18892, stack(0x000000c914900000,0x000000c914a00000)]
  0x00000295bb20afb0 JavaThread "DestroyJavaVM" [_thread_blocked, id=1928, stack(0x000000c913000000,0x000000c913100000)]
  0x00000295cd57a020 JavaThread "pool-14-thread-1" [_thread_in_native, id=15100, stack(0x000000c914a00000,0x000000c914b00000)]
  0x00000295ccf46040 JavaThread "Simple-Language-Server main thread" daemon [_thread_blocked, id=9060, stack(0x000000c914b00000,0x000000c914c00000)]
  0x00000295cd5e1440 JavaThread "pool-8-thread-1" [_thread_blocked, id=25472, stack(0x000000c914c00000,0x000000c914d00000)]
  0x00000295ccefb0b0 JavaThread "parallel-1" daemon [_thread_blocked, id=5568, stack(0x000000c914d00000,0x000000c914e00000)]
  0x00000295ccefd420 JavaThread "parallel-2" daemon [_thread_blocked, id=1488, stack(0x000000c914e00000,0x000000c914f00000)]
  0x00000295ccefb5c0 JavaThread "parallel-3" daemon [_thread_blocked, id=19432, stack(0x000000c914f00000,0x000000c915000000)]
  0x00000295ccefcf10 JavaThread "parallel-4" daemon [_thread_blocked, id=25120, stack(0x000000c915000000,0x000000c915100000)]
  0x00000295ccefbad0 JavaThread "pool-6-thread-1" [_thread_blocked, id=8852, stack(0x000000c915100000,0x000000c915200000)]
  0x00000295ccefc4f0 JavaThread "Reconciler-1" daemon [_thread_blocked, id=608, stack(0x000000c915200000,0x000000c915300000)]

Other Threads:
=>0x00000295c784c250 VMThread "VM Thread" [stack: 0x000000c913600000,0x000000c913700000] [id=17896]
  0x00000295c7be5590 WatcherThread [stack: 0x000000c914000000,0x000000c914100000] [id=18596]
  0x00000295bd325130 GCTaskThread "GC Thread#0" [stack: 0x000000c913100000,0x000000c913200000] [id=10016]
  0x00000295c7dcec90 GCTaskThread "GC Thread#1" [stack: 0x000000c914200000,0x000000c914300000] [id=19124]
  0x00000295cc40f560 GCTaskThread "GC Thread#2" [stack: 0x000000c914300000,0x000000c914400000] [id=25040]
  0x00000295cc65a6d0 GCTaskThread "GC Thread#3" [stack: 0x000000c914400000,0x000000c914500000] [id=19816]
  0x00000295bd32df90 ConcurrentGCThread "G1 Main Marker" [stack: 0x000000c913200000,0x000000c913300000] [id=17428]
  0x00000295bd32e8c0 ConcurrentGCThread "G1 Conc#0" [stack: 0x000000c913300000,0x000000c913400000] [id=21560]
  0x00000295bd374850 ConcurrentGCThread "G1 Refine#0" [stack: 0x000000c913400000,0x000000c913500000] [id=17620]
  0x00000295c76d2320 ConcurrentGCThread "G1 Service" [stack: 0x000000c913500000,0x000000c913600000] [id=17124]

Threads with active compile tasks:

VM state: at safepoint (normal execution)

VM Mutex/Monitor currently owned by a thread:  ([mutex/lock_event])
[0x00000295bb160480] Threads_lock - owner thread: 0x00000295c784c250
[0x00000295bb15b980] Heap_lock - owner thread: 0x00000295cd0939a0

Heap address: 0x00000000c0000000, size: 1024 MB, Compressed Oops mode: 32-bit

CDS archive(s) not mapped
Compressed class space mapped at: 0x0000000100000000-0x0000000140000000, reserved size: 1073741824
Narrow klass base: 0x0000000000000000, Narrow klass shift: 3, Narrow klass range: 0x140000000

GC Precious Log:
 CPUs: 4 total, 4 available
 Memory: 8070M
 Large Page Support: Disabled
 NUMA Support: Disabled
 Compressed Oops: Enabled (32-bit)
 Heap Region Size: 1M
 Heap Min Capacity: 8M
 Heap Initial Capacity: 128M
 Heap Max Capacity: 1G
 Pre-touch: Disabled
 Parallel Workers: 4
 Concurrent Workers: 1
 Concurrent Refinement Workers: 4
 Periodic GC: Disabled

Heap:
 garbage-first heap   total 75776K, used 25716K [0x00000000c0000000, 0x0000000100000000)
  region size 1024K, 1 young (1024K), 0 survivors (0K)
 Metaspace       used 41008K, committed 41472K, reserved 1114112K
  class space    used 5250K, committed 5440K, reserved 1048576K

Heap Regions: E=young(eden), S=young(survivor), O=old, HS=humongous(starts), HC=humongous(continues), CS=collection set, F=free, OA=open archive, CA=closed archive, TAMS=top-at-mark-start (previous, next)
|   0|0x00000000c0000000, 0x00000000c0100000, 0x00000000c0100000|100%|HS|  |TAMS 0x00000000c0100000, 0x00000000c0000000| Untracked 
|   1|0x00000000c0100000, 0x00000000c0200000, 0x00000000c0200000|100%|HC|  |TAMS 0x00000000c0200000, 0x00000000c0100000| Untracked 
|   2|0x00000000c0200000, 0x00000000c0300000, 0x00000000c0300000|100%|HC|  |TAMS 0x00000000c0300000, 0x00000000c0200000| Untracked 
|   3|0x00000000c0300000, 0x00000000c0400000, 0x00000000c0400000|100%|HC|  |TAMS 0x00000000c0400000, 0x00000000c0300000| Untracked 
|   4|0x00000000c0400000, 0x00000000c0500000, 0x00000000c0500000|100%| O|  |TAMS 0x00000000c0500000, 0x00000000c0400000| Untracked 
|   5|0x00000000c0500000, 0x00000000c0600000, 0x00000000c0600000|100%| O|  |TAMS 0x00000000c0600000, 0x00000000c0500000| Untracked 
|   6|0x00000000c0600000, 0x00000000c06fffe8, 0x00000000c0700000| 99%| O|  |TAMS 0x00000000c06fffe8, 0x00000000c0600000| Untracked 
|   7|0x00000000c0700000, 0x00000000c0800000, 0x00000000c0800000|100%| O|  |TAMS 0x00000000c0800000, 0x00000000c0700000| Untracked 
|   8|0x00000000c0800000, 0x00000000c0900000, 0x00000000c0900000|100%| O|  |TAMS 0x00000000c0900000, 0x00000000c0800000| Untracked 
|   9|0x00000000c0900000, 0x00000000c0a00000, 0x00000000c0a00000|100%| O|  |TAMS 0x00000000c0a00000, 0x00000000c0900000| Untracked 
|  10|0x00000000c0a00000, 0x00000000c0b00000, 0x00000000c0b00000|100%|HS|  |TAMS 0x00000000c0b00000, 0x00000000c0a00000| Untracked 
|  11|0x00000000c0b00000, 0x00000000c0c00000, 0x00000000c0c00000|100%|HC|  |TAMS 0x00000000c0c00000, 0x00000000c0b00000| Untracked 
|  12|0x00000000c0c00000, 0x00000000c0d00000, 0x00000000c0d00000|100%| O|  |TAMS 0x00000000c0d00000, 0x00000000c0c00000| Untracked 
|  13|0x00000000c0d00000, 0x00000000c0dfffe8, 0x00000000c0e00000| 99%| O|  |TAMS 0x00000000c0dfffe8, 0x00000000c0d00000| Untracked 
|  14|0x00000000c0e00000, 0x00000000c0f00000, 0x00000000c0f00000|100%| O|  |TAMS 0x00000000c0f00000, 0x00000000c0e00000| Untracked 
|  15|0x00000000c0f00000, 0x00000000c0ffffc8, 0x00000000c1000000| 99%| O|  |TAMS 0x00000000c0ffffc8, 0x00000000c0f00000| Untracked 
|  16|0x00000000c1000000, 0x00000000c10ffff8, 0x00000000c1100000| 99%| O|  |TAMS 0x00000000c10ffff8, 0x00000000c1000000| Untracked 
|  17|0x00000000c1100000, 0x00000000c11ffff0, 0x00000000c1200000| 99%| O|  |TAMS 0x00000000c11ffff0, 0x00000000c1100000| Untracked 
|  18|0x00000000c1200000, 0x00000000c12ffff0, 0x00000000c1300000| 99%| O|  |TAMS 0x00000000c12ffff0, 0x00000000c1200000| Untracked 
|  19|0x00000000c1300000, 0x00000000c1400000, 0x00000000c1400000|100%| O|  |TAMS 0x00000000c1400000, 0x00000000c1300000| Untracked 
|  20|0x00000000c1400000, 0x00000000c14fedb0, 0x00000000c1500000| 99%| O|  |TAMS 0x00000000c14fedb0, 0x00000000c1400000| Untracked 
|  21|0x00000000c1500000, 0x00000000c1600000, 0x00000000c1600000|100%| O|  |TAMS 0x00000000c1600000, 0x00000000c1500000| Untracked 
|  22|0x00000000c1600000, 0x00000000c16fffe8, 0x00000000c1700000| 99%| O|  |TAMS 0x00000000c16fffe8, 0x00000000c1600000| Untracked 
|  23|0x00000000c1700000, 0x00000000c17c9538, 0x00000000c1800000| 78%| O|  |TAMS 0x00000000c1700000, 0x00000000c1700000| Untracked 
|  24|0x00000000c1800000, 0x00000000c1900000, 0x00000000c1900000|100%| O|  |TAMS 0x00000000c1900000, 0x00000000c1800000| Untracked 
|  25|0x00000000c1900000, 0x00000000c1954e30, 0x00000000c1a00000| 33%| O|  |TAMS 0x00000000c1900000, 0x00000000c1900000| Untracked 
|  26|0x00000000c1a00000, 0x00000000c1a00000, 0x00000000c1b00000|  0%| F|  |TAMS 0x00000000c1a00000, 0x00000000c1a00000| Untracked 
|  27|0x00000000c1b00000, 0x00000000c1b00000, 0x00000000c1c00000|  0%| F|  |TAMS 0x00000000c1b00000, 0x00000000c1b00000| Untracked 
|  28|0x00000000c1c00000, 0x00000000c1c00000, 0x00000000c1d00000|  0%| F|  |TAMS 0x00000000c1c00000, 0x00000000c1c00000| Untracked 
|  29|0x00000000c1d00000, 0x00000000c1d00000, 0x00000000c1e00000|  0%| F|  |TAMS 0x00000000c1d00000, 0x00000000c1d00000| Untracked 
|  30|0x00000000c1e00000, 0x00000000c1e00000, 0x00000000c1f00000|  0%| F|  |TAMS 0x00000000c1e00000, 0x00000000c1e00000| Untracked 
|  31|0x00000000c1f00000, 0x00000000c1f00000, 0x00000000c2000000|  0%| F|  |TAMS 0x00000000c1f00000, 0x00000000c1f00000| Untracked 
|  32|0x00000000c2000000, 0x00000000c2000000, 0x00000000c2100000|  0%| F|  |TAMS 0x00000000c2000000, 0x00000000c2000000| Untracked 
|  33|0x00000000c2100000, 0x00000000c2100000, 0x00000000c2200000|  0%| F|  |TAMS 0x00000000c2100000, 0x00000000c2100000| Untracked 
|  34|0x00000000c2200000, 0x00000000c2200000, 0x00000000c2300000|  0%| F|  |TAMS 0x00000000c2200000, 0x00000000c2200000| Untracked 
|  35|0x00000000c2300000, 0x00000000c2300000, 0x00000000c2400000|  0%| F|  |TAMS 0x00000000c2300000, 0x00000000c2300000| Untracked 
|  36|0x00000000c2400000, 0x00000000c2400000, 0x00000000c2500000|  0%| F|  |TAMS 0x00000000c2400000, 0x00000000c2400000| Untracked 
|  37|0x00000000c2500000, 0x00000000c2500000, 0x00000000c2600000|  0%| F|  |TAMS 0x00000000c2500000, 0x00000000c2500000| Untracked 
|  38|0x00000000c2600000, 0x00000000c2600000, 0x00000000c2700000|  0%| F|  |TAMS 0x00000000c2600000, 0x00000000c2600000| Untracked 
|  39|0x00000000c2700000, 0x00000000c2700000, 0x00000000c2800000|  0%| F|  |TAMS 0x00000000c2700000, 0x00000000c2700000| Untracked 
|  40|0x00000000c2800000, 0x00000000c2800000, 0x00000000c2900000|  0%| F|  |TAMS 0x00000000c2800000, 0x00000000c2800000| Untracked 
|  41|0x00000000c2900000, 0x00000000c2900000, 0x00000000c2a00000|  0%| F|  |TAMS 0x00000000c2900000, 0x00000000c2900000| Untracked 
|  42|0x00000000c2a00000, 0x00000000c2a00000, 0x00000000c2b00000|  0%| F|  |TAMS 0x00000000c2a00000, 0x00000000c2a00000| Untracked 
|  43|0x00000000c2b00000, 0x00000000c2b00000, 0x00000000c2c00000|  0%| F|  |TAMS 0x00000000c2b00000, 0x00000000c2b00000| Untracked 
|  44|0x00000000c2c00000, 0x00000000c2c00000, 0x00000000c2d00000|  0%| F|  |TAMS 0x00000000c2c00000, 0x00000000c2c00000| Untracked 
|  45|0x00000000c2d00000, 0x00000000c2d00000, 0x00000000c2e00000|  0%| F|  |TAMS 0x00000000c2d00000, 0x00000000c2d00000| Untracked 
|  46|0x00000000c2e00000, 0x00000000c2e00000, 0x00000000c2f00000|  0%| F|  |TAMS 0x00000000c2e00000, 0x00000000c2e00000| Untracked 
|  47|0x00000000c2f00000, 0x00000000c2f00000, 0x00000000c3000000|  0%| F|  |TAMS 0x00000000c2f00000, 0x00000000c2f00000| Untracked 
|  48|0x00000000c3000000, 0x00000000c3000000, 0x00000000c3100000|  0%| F|  |TAMS 0x00000000c3000000, 0x00000000c3000000| Untracked 
|  49|0x00000000c3100000, 0x00000000c3100000, 0x00000000c3200000|  0%| F|  |TAMS 0x00000000c3100000, 0x00000000c3100000| Untracked 
|  50|0x00000000c3200000, 0x00000000c3200000, 0x00000000c3300000|  0%| F|  |TAMS 0x00000000c3200000, 0x00000000c3200000| Untracked 
|  51|0x00000000c3300000, 0x00000000c3300000, 0x00000000c3400000|  0%| F|  |TAMS 0x00000000c3300000, 0x00000000c3300000| Untracked 
|  52|0x00000000c3400000, 0x00000000c3400000, 0x00000000c3500000|  0%| F|  |TAMS 0x00000000c3400000, 0x00000000c3400000| Untracked 
|  53|0x00000000c3500000, 0x00000000c3500000, 0x00000000c3600000|  0%| F|  |TAMS 0x00000000c3500000, 0x00000000c3500000| Untracked 
|  54|0x00000000c3600000, 0x00000000c3600000, 0x00000000c3700000|  0%| F|  |TAMS 0x00000000c3600000, 0x00000000c3600000| Untracked 
|  55|0x00000000c3700000, 0x00000000c3700000, 0x00000000c3800000|  0%| F|  |TAMS 0x00000000c3700000, 0x00000000c3700000| Untracked 
|  56|0x00000000c3800000, 0x00000000c3800000, 0x00000000c3900000|  0%| F|  |TAMS 0x00000000c3800000, 0x00000000c3800000| Untracked 
|  57|0x00000000c3900000, 0x00000000c3900000, 0x00000000c3a00000|  0%| F|  |TAMS 0x00000000c3900000, 0x00000000c3900000| Untracked 
|  58|0x00000000c3a00000, 0x00000000c3a00000, 0x00000000c3b00000|  0%| F|  |TAMS 0x00000000c3a00000, 0x00000000c3a00000| Untracked 
|  59|0x00000000c3b00000, 0x00000000c3b00000, 0x00000000c3c00000|  0%| F|  |TAMS 0x00000000c3b00000, 0x00000000c3b00000| Untracked 
|  60|0x00000000c3c00000, 0x00000000c3c00000, 0x00000000c3d00000|  0%| F|  |TAMS 0x00000000c3c00000, 0x00000000c3c00000| Untracked 
|  61|0x00000000c3d00000, 0x00000000c3d00000, 0x00000000c3e00000|  0%| F|  |TAMS 0x00000000c3d00000, 0x00000000c3d00000| Untracked 
|  62|0x00000000c3e00000, 0x00000000c3e00000, 0x00000000c3f00000|  0%| F|  |TAMS 0x00000000c3e00000, 0x00000000c3e00000| Untracked 
|  63|0x00000000c3f00000, 0x00000000c3f00000, 0x00000000c4000000|  0%| F|  |TAMS 0x00000000c3f00000, 0x00000000c3f00000| Untracked 
|  64|0x00000000c4000000, 0x00000000c4000000, 0x00000000c4100000|  0%| F|  |TAMS 0x00000000c4000000, 0x00000000c4000000| Untracked 
|  65|0x00000000c4100000, 0x00000000c4100000, 0x00000000c4200000|  0%| F|  |TAMS 0x00000000c4100000, 0x00000000c4100000| Untracked 
|  66|0x00000000c4200000, 0x00000000c4200000, 0x00000000c4300000|  0%| F|  |TAMS 0x00000000c4200000, 0x00000000c4200000| Untracked 
|  67|0x00000000c4300000, 0x00000000c4300000, 0x00000000c4400000|  0%| F|  |TAMS 0x00000000c4300000, 0x00000000c4300000| Untracked 
|  80|0x00000000c5000000, 0x00000000c5000000, 0x00000000c5100000|  0%| F|  |TAMS 0x00000000c5000000, 0x00000000c5000000| Untracked 
|  81|0x00000000c5100000, 0x00000000c5100000, 0x00000000c5200000|  0%| F|  |TAMS 0x00000000c5100000, 0x00000000c5100000| Untracked 
|  82|0x00000000c5200000, 0x00000000c5200000, 0x00000000c5300000|  0%| F|  |TAMS 0x00000000c5200000, 0x00000000c5200000| Untracked 
|  83|0x00000000c5300000, 0x00000000c5300000, 0x00000000c5400000|  0%| F|  |TAMS 0x00000000c5300000, 0x00000000c5300000| Untracked 
|  84|0x00000000c5400000, 0x00000000c5400000, 0x00000000c5500000|  0%| F|  |TAMS 0x00000000c5400000, 0x00000000c5400000| Untracked 
| 127|0x00000000c7f00000, 0x00000000c7f23da8, 0x00000000c8000000| 14%| E|  |TAMS 0x00000000c7f00000, 0x00000000c7f00000| Complete 

Card table byte_map: [0x00000295c2f60000,0x00000295c3160000] _byte_map_base: 0x00000295c2960000

Marking Bits (Prev, Next): (CMBitMap*) 0x00000295bd325660, (CMBitMap*) 0x00000295bd3256a0
 Prev Bits: [0x00000295c3360000, 0x00000295c4360000)
 Next Bits: [0x00000295c4360000, 0x00000295c5360000)

Polling page: 0x00000295bb2b0000

Metaspace:

Usage:
  Non-class:     34.92 MB used.
      Class:      5.13 MB used.
       Both:     40.05 MB used.

Virtual space:
  Non-class space:       64.00 MB reserved,      35.19 MB ( 55%) committed,  1 nodes.
      Class space:        1.00 GB reserved,       5.31 MB ( <1%) committed,  1 nodes.
             Both:        1.06 GB reserved,      40.50 MB (  4%) committed. 

Chunk freelists:
   Non-Class:  12.14 MB
       Class:  10.68 MB
        Both:  22.81 MB

MaxMetaspaceSize: unlimited
CompressedClassSpaceSize: 1.00 GB
Initial GC threshold: 21.00 MB
Current GC threshold: 67.50 MB
CDS: off
MetaspaceReclaimPolicy: balanced
 - commit_granule_bytes: 65536.
 - commit_granule_words: 8192.
 - virtual_space_node_default_size: 8388608.
 - enlarge_chunks_in_place: 1.
 - new_chunks_are_fully_committed: 0.
 - uncommit_free_chunks: 1.
 - use_allocation_guard: 0.
 - handle_deallocations: 1.


Internal statistics:

num_allocs_failed_limit: 6.
num_arena_births: 524.
num_arena_deaths: 158.
num_vsnodes_births: 2.
num_vsnodes_deaths: 0.
num_space_committed: 647.
num_space_uncommitted: 0.
num_chunks_returned_to_freelist: 184.
num_chunks_taken_from_freelist: 1785.
num_chunk_merges: 55.
num_chunk_splits: 1207.
num_chunks_enlarged: 916.
num_inconsistent_stats: 0.

CodeCache: size=49152Kb used=6983Kb max_used=7969Kb free=42168Kb
 bounds [0x00000295bff60000, 0x00000295c0730000, 0x00000295c2f60000]
 total_blobs=4323 nmethods=3776 adapters=474
 compilation: enabled
              stopped_count=0, restarted_count=0
 full_count=0

Compilation events (20 events):
Event: 484.788 Thread 0x00000295c78963a0 3767       1       java.lang.Long::getChars (208 bytes)
Event: 484.788 Thread 0x00000295c78963a0 nmethod 3767 0x00000295c02a6a90 code [0x00000295c02a6c60, 0x00000295c02a7038]
Event: 484.788 Thread 0x00000295c78963a0 3768  s    1       java.io.BufferedOutputStream::flush (12 bytes)
Event: 484.789 Thread 0x00000295c78963a0 nmethod 3768 0x00000295c02a6610 code [0x00000295c02a67c0, 0x00000295c02a6998]
Event: 484.789 Thread 0x00000295c78963a0 3765       1       java.nio.ByteBuffer::flip (7 bytes)
Event: 484.789 Thread 0x00000295c78963a0 nmethod 3765 0x00000295c02a6310 code [0x00000295c02a64a0, 0x00000295c02a6578]
Event: 485.059 Thread 0x00000295c78963a0 3769       1       java.math.BigDecimal::valueOf (57 bytes)
Event: 485.059 Thread 0x00000295c78963a0 nmethod 3769 0x00000295c02a5d90 code [0x00000295c02a5f40, 0x00000295c02a61f8]
Event: 485.742 Thread 0x00000295c78963a0 3770       1       java.lang.invoke.VarHandleGuards::guard_LII_Z (86 bytes)
Event: 485.744 Thread 0x00000295c78963a0 nmethod 3770 0x00000295c02a4710 code [0x00000295c02a49a0, 0x00000295c02a5448]
Event: 485.744 Thread 0x00000295c78963a0 3771       1       java.lang.invoke.VarHandleInts$FieldInstanceReadWrite::compareAndSet (32 bytes)
Event: 485.745 Thread 0x00000295c78963a0 nmethod 3771 0x00000295c02a4110 code [0x00000295c02a42c0, 0x00000295c02a4568]
Event: 525.441 Thread 0x00000295c78963a0 3773       1       java.util.concurrent.locks.AbstractQueuedSynchronizer$ConditionObject::canReacquire (38 bytes)
Event: 525.444 Thread 0x00000295c78963a0 nmethod 3773 0x00000295c02a3d10 code [0x00000295c02a3ea0, 0x00000295c02a4018]
Event: 546.380 Thread 0x00000295c78963a0 3774       1       java.util.concurrent.ScheduledThreadPoolExecutor$ScheduledFutureTask::getDelay (16 bytes)
Event: 546.383 Thread 0x00000295c78963a0 nmethod 3774 0x00000295c02a3990 code [0x00000295c02a3b20, 0x00000295c02a3c48]
Event: 546.383 Thread 0x00000295c78963a0 3775       1       java.util.concurrent.TimeUnit::convert (77 bytes)
Event: 546.385 Thread 0x00000295c78963a0 nmethod 3775 0x00000295c02a3390 code [0x00000295c02a3580, 0x00000295c02a3808]
Event: 558.994 Thread 0x00000295c78963a0 3776       1       java.lang.ThreadLocal$ThreadLocalMap::cleanSomeSlots (61 bytes)
Event: 559.012 Thread 0x00000295c78963a0 nmethod 3776 0x00000295c02a2e90 code [0x00000295c02a3040, 0x00000295c02a3218]

GC Heap History (20 events):
Event: 412.360 GC heap before
{Heap before GC invocations=40 (full 30):
 garbage-first heap   total 75776K, used 25715K [0x00000000c0000000, 0x0000000100000000)
  region size 1024K, 1 young (1024K), 0 survivors (0K)
 Metaspace       used 40992K, committed 41472K, reserved 1114112K
  class space    used 5249K, committed 5440K, reserved 1048576K
}
Event: 412.391 GC heap after
{Heap after GC invocations=41 (full 31):
 garbage-first heap   total 75776K, used 25715K [0x00000000c0000000, 0x0000000100000000)
  region size 1024K, 0 young (0K), 0 survivors (0K)
 Metaspace       used 40992K, committed 41472K, reserved 1114112K
  class space    used 5249K, committed 5440K, reserved 1048576K
}
Event: 422.791 GC heap before
{Heap before GC invocations=41 (full 31):
 garbage-first heap   total 75776K, used 25715K [0x00000000c0000000, 0x0000000100000000)
  region size 1024K, 1 young (1024K), 0 survivors (0K)
 Metaspace       used 40992K, committed 41472K, reserved 1114112K
  class space    used 5249K, committed 5440K, reserved 1048576K
}
Event: 422.824 GC heap after
{Heap after GC invocations=42 (full 32):
 garbage-first heap   total 75776K, used 25715K [0x00000000c0000000, 0x0000000100000000)
  region size 1024K, 0 young (0K), 0 survivors (0K)
 Metaspace       used 40992K, committed 41472K, reserved 1114112K
  class space    used 5249K, committed 5440K, reserved 1048576K
}
Event: 433.590 GC heap before
{Heap before GC invocations=42 (full 32):
 garbage-first heap   total 75776K, used 25715K [0x00000000c0000000, 0x0000000100000000)
  region size 1024K, 1 young (1024K), 0 survivors (0K)
 Metaspace       used 40992K, committed 41472K, reserved 1114112K
  class space    used 5249K, committed 5440K, reserved 1048576K
}
Event: 433.629 GC heap after
{Heap after GC invocations=43 (full 33):
 garbage-first heap   total 75776K, used 25715K [0x00000000c0000000, 0x0000000100000000)
  region size 1024K, 0 young (0K), 0 survivors (0K)
 Metaspace       used 40992K, committed 41472K, reserved 1114112K
  class space    used 5249K, committed 5440K, reserved 1048576K
}
Event: 443.996 GC heap before
{Heap before GC invocations=43 (full 33):
 garbage-first heap   total 75776K, used 25715K [0x00000000c0000000, 0x0000000100000000)
  region size 1024K, 1 young (1024K), 0 survivors (0K)
 Metaspace       used 40992K, committed 41472K, reserved 1114112K
  class space    used 5249K, committed 5440K, reserved 1048576K
}
Event: 444.032 GC heap after
{Heap after GC invocations=44 (full 34):
 garbage-first heap   total 75776K, used 25715K [0x00000000c0000000, 0x0000000100000000)
  region size 1024K, 0 young (0K), 0 survivors (0K)
 Metaspace       used 40992K, committed 41472K, reserved 1114112K
  class space    used 5249K, committed 5440K, reserved 1048576K
}
Event: 454.404 GC heap before
{Heap before GC invocations=44 (full 34):
 garbage-first heap   total 75776K, used 25715K [0x00000000c0000000, 0x0000000100000000)
  region size 1024K, 1 young (1024K), 0 survivors (0K)
 Metaspace       used 40992K, committed 41472K, reserved 1114112K
  class space    used 5249K, committed 5440K, reserved 1048576K
}
Event: 454.438 GC heap after
{Heap after GC invocations=45 (full 35):
 garbage-first heap   total 75776K, used 25713K [0x00000000c0000000, 0x0000000100000000)
  region size 1024K, 0 young (0K), 0 survivors (0K)
 Metaspace       used 40992K, committed 41472K, reserved 1114112K
  class space    used 5249K, committed 5440K, reserved 1048576K
}
Event: 464.736 GC heap before
{Heap before GC invocations=45 (full 35):
 garbage-first heap   total 75776K, used 25713K [0x00000000c0000000, 0x0000000100000000)
  region size 1024K, 1 young (1024K), 0 survivors (0K)
 Metaspace       used 40992K, committed 41472K, reserved 1114112K
  class space    used 5249K, committed 5440K, reserved 1048576K
}
Event: 464.765 GC heap after
{Heap after GC invocations=46 (full 36):
 garbage-first heap   total 75776K, used 25713K [0x00000000c0000000, 0x0000000100000000)
  region size 1024K, 0 young (0K), 0 survivors (0K)
 Metaspace       used 40992K, committed 41472K, reserved 1114112K
  class space    used 5249K, committed 5440K, reserved 1048576K
}
Event: 475.070 GC heap before
{Heap before GC invocations=46 (full 36):
 garbage-first heap   total 75776K, used 25713K [0x00000000c0000000, 0x0000000100000000)
  region size 1024K, 1 young (1024K), 0 survivors (0K)
 Metaspace       used 40992K, committed 41472K, reserved 1114112K
  class space    used 5249K, committed 5440K, reserved 1048576K
}
Event: 475.105 GC heap after
{Heap after GC invocations=47 (full 37):
 garbage-first heap   total 75776K, used 25713K [0x00000000c0000000, 0x0000000100000000)
  region size 1024K, 0 young (0K), 0 survivors (0K)
 Metaspace       used 40992K, committed 41472K, reserved 1114112K
  class space    used 5249K, committed 5440K, reserved 1048576K
}
Event: 525.404 GC heap before
{Heap before GC invocations=47 (full 37):
 garbage-first heap   total 75776K, used 25713K [0x00000000c0000000, 0x0000000100000000)
  region size 1024K, 1 young (1024K), 0 survivors (0K)
 Metaspace       used 41008K, committed 41472K, reserved 1114112K
  class space    used 5250K, committed 5440K, reserved 1048576K
}
Event: 525.441 GC heap after
{Heap after GC invocations=48 (full 38):
 garbage-first heap   total 75776K, used 25718K [0x00000000c0000000, 0x0000000100000000)
  region size 1024K, 0 young (0K), 0 survivors (0K)
 Metaspace       used 41008K, committed 41472K, reserved 1114112K
  class space    used 5250K, committed 5440K, reserved 1048576K
}
Event: 536.321 GC heap before
{Heap before GC invocations=48 (full 38):
 garbage-first heap   total 75776K, used 25718K [0x00000000c0000000, 0x0000000100000000)
  region size 1024K, 1 young (1024K), 0 survivors (0K)
 Metaspace       used 41008K, committed 41472K, reserved 1114112K
  class space    used 5250K, committed 5440K, reserved 1048576K
}
Event: 536.356 GC heap after
{Heap after GC invocations=49 (full 39):
 garbage-first heap   total 75776K, used 25718K [0x00000000c0000000, 0x0000000100000000)
  region size 1024K, 0 young (0K), 0 survivors (0K)
 Metaspace       used 41008K, committed 41472K, reserved 1114112K
  class space    used 5250K, committed 5440K, reserved 1048576K
}
Event: 547.353 GC heap before
{Heap before GC invocations=49 (full 39):
 garbage-first heap   total 75776K, used 25718K [0x00000000c0000000, 0x0000000100000000)
  region size 1024K, 1 young (1024K), 0 survivors (0K)
 Metaspace       used 41008K, committed 41472K, reserved 1114112K
  class space    used 5250K, committed 5440K, reserved 1048576K
}
Event: 547.389 GC heap after
{Heap after GC invocations=50 (full 40):
 garbage-first heap   total 75776K, used 25716K [0x00000000c0000000, 0x0000000100000000)
  region size 1024K, 0 young (0K), 0 survivors (0K)
 Metaspace       used 41008K, committed 41472K, reserved 1114112K
  class space    used 5250K, committed 5440K, reserved 1048576K
}

Dll operation events (8 events):
Event: 0.021 Loaded shared library c:\Users\bane8\.vscode\extensions\redhat.java-1.32.0-win32-x64\jre\17.0.11-win32-x86_64\bin\java.dll
Event: 0.630 Loaded shared library C:\Users\bane8\.vscode\extensions\redhat.java-1.32.0-win32-x64\jre\17.0.11-win32-x86_64\bin\net.dll
Event: 0.632 Loaded shared library C:\Users\bane8\.vscode\extensions\redhat.java-1.32.0-win32-x64\jre\17.0.11-win32-x86_64\bin\nio.dll
Event: 0.647 Loaded shared library C:\Users\bane8\.vscode\extensions\redhat.java-1.32.0-win32-x64\jre\17.0.11-win32-x86_64\bin\zip.dll
Event: 1.411 Loaded shared library C:\Users\bane8\.vscode\extensions\redhat.java-1.32.0-win32-x64\jre\17.0.11-win32-x86_64\bin\jimage.dll
Event: 5.176 Loaded shared library c:\Users\bane8\.vscode\extensions\redhat.java-1.32.0-win32-x64\jre\17.0.11-win32-x86_64\bin\verify.dll
Event: 11.461 Loaded shared library C:\Users\bane8\.vscode\extensions\redhat.java-1.32.0-win32-x64\jre\17.0.11-win32-x86_64\bin\management.dll
Event: 11.471 Loaded shared library C:\Users\bane8\.vscode\extensions\redhat.java-1.32.0-win32-x64\jre\17.0.11-win32-x86_64\bin\management_ext.dll

Deoptimization events (6 events):
Event: 13.817 Thread 0x00000295cd57a020 DEOPT PACKING pc=0x00000295c04a1b01 sp=0x000000c914afd880
Event: 13.817 Thread 0x00000295cd57a020 DEOPT UNPACKING pc=0x00000295bffb7143 sp=0x000000c914afcd10 mode 3
Event: 14.249 Thread 0x00000295ccf46040 DEOPT PACKING pc=0x00000295c0481397 sp=0x000000c914bff280
Event: 14.249 Thread 0x00000295ccf46040 DEOPT UNPACKING pc=0x00000295bffb7143 sp=0x000000c914bfe6d8 mode 3
Event: 305.221 Thread 0x00000295cd57a020 DEOPT PACKING pc=0x00000295c0574fd4 sp=0x000000c914afeb80
Event: 305.221 Thread 0x00000295cd57a020 DEOPT UNPACKING pc=0x00000295bffb7143 sp=0x000000c914afe028 mode 0

Classes unloaded (20 events):
Event: 72.467 Thread 0x00000295c784c250 Unloading class 0x0000000100095c00 'java/lang/invoke/LambdaForm$MH+0x0000000100095c00'
Event: 72.467 Thread 0x00000295c784c250 Unloading class 0x0000000100095800 'java/lang/invoke/LambdaForm$MH+0x0000000100095800'
Event: 72.467 Thread 0x00000295c784c250 Unloading class 0x0000000100095400 'java/lang/invoke/LambdaForm$MH+0x0000000100095400'
Event: 72.467 Thread 0x00000295c784c250 Unloading class 0x0000000100095000 'java/lang/invoke/LambdaForm$MH+0x0000000100095000'
Event: 72.467 Thread 0x00000295c784c250 Unloading class 0x0000000100094c00 'java/lang/invoke/LambdaForm$MH+0x0000000100094c00'
Event: 72.467 Thread 0x00000295c784c250 Unloading class 0x0000000100094800 'java/lang/invoke/LambdaForm$MH+0x0000000100094800'
Event: 72.467 Thread 0x00000295c784c250 Unloading class 0x0000000100094400 'java/lang/invoke/LambdaForm$MH+0x0000000100094400'
Event: 72.467 Thread 0x00000295c784c250 Unloading class 0x000000010008e800 'java/lang/invoke/LambdaForm$MH+0x000000010008e800'
Event: 72.467 Thread 0x00000295c784c250 Unloading class 0x000000010008e400 'java/lang/invoke/LambdaForm$MH+0x000000010008e400'
Event: 72.467 Thread 0x00000295c784c250 Unloading class 0x000000010008e000 'java/lang/invoke/LambdaForm$MH+0x000000010008e000'
Event: 72.467 Thread 0x00000295c784c250 Unloading class 0x000000010008dc00 'java/lang/invoke/LambdaForm$MH+0x000000010008dc00'
Event: 72.467 Thread 0x00000295c784c250 Unloading class 0x000000010008d800 'java/lang/invoke/LambdaForm$MH+0x000000010008d800'
Event: 72.467 Thread 0x00000295c784c250 Unloading class 0x000000010008d400 'java/lang/invoke/LambdaForm$MH+0x000000010008d400'
Event: 72.467 Thread 0x00000295c784c250 Unloading class 0x000000010008cc00 'java/lang/invoke/LambdaForm$MH+0x000000010008cc00'
Event: 72.467 Thread 0x00000295c784c250 Unloading class 0x000000010008c800 'java/lang/invoke/LambdaForm$MH+0x000000010008c800'
Event: 72.467 Thread 0x00000295c784c250 Unloading class 0x000000010008c000 'java/lang/invoke/LambdaForm$MH+0x000000010008c000'
Event: 72.467 Thread 0x00000295c784c250 Unloading class 0x000000010008bc00 'java/lang/invoke/LambdaForm$MH+0x000000010008bc00'
Event: 371.148 Thread 0x00000295c784c250 Unloading class 0x0000000100494400 'java/lang/invoke/LambdaForm$MH+0x0000000100494400'
Event: 371.148 Thread 0x00000295c784c250 Unloading class 0x0000000100528400 'java/lang/invoke/LambdaForm$MH+0x0000000100528400'
Event: 371.148 Thread 0x00000295c784c250 Unloading class 0x000000010055c000 'java/lang/invoke/LambdaForm$MH+0x000000010055c000'

Classes redefined (0 events):
No events

Internal exceptions (20 events):
Event: 7.175 Thread 0x00000295bb20afb0 Exception <a 'java/lang/NoSuchMethodError'{0x00000000c3e5a708}: 'java.lang.Object java.lang.invoke.DirectMethodHandle$Holder.invokeSpecial(java.lang.Object, java.lang.Object, int, java.lang.Object, java.lang.Object)'> (0x00000000c3e5a708) 
thrown [s\src\hotspot\share\interpreter\linkResolver.cpp, line 759]
Event: 7.175 Thread 0x00000295bb20afb0 Exception <a 'java/lang/NoSuchMethodError'{0x00000000c3e5e3b0}: 'java.lang.Object java.lang.invoke.DelegatingMethodHandle$Holder.delegate(java.lang.Object, int, java.lang.Object, java.lang.Object)'> (0x00000000c3e5e3b0) 
thrown [s\src\hotspot\share\interpreter\linkResolver.cpp, line 759]
Event: 7.177 Thread 0x00000295bb20afb0 Exception <a 'java/lang/NoSuchMethodError'{0x00000000c3e6f258}: 'int java.lang.invoke.Invokers$Holder.linkToTargetMethod(java.lang.Object, java.lang.Object, java.lang.Object)'> (0x00000000c3e6f258) 
thrown [s\src\hotspot\share\interpreter\linkResolver.cpp, line 759]
Event: 7.357 Thread 0x00000295bb20afb0 Exception <a 'java/lang/NoSuchMethodError'{0x00000000c392d318}: 'java.lang.Object java.lang.invoke.DirectMethodHandle$Holder.invokeStaticInit(java.lang.Object, int, int, int, int)'> (0x00000000c392d318) 
thrown [s\src\hotspot\share\interpreter\linkResolver.cpp, line 759]
Event: 7.548 Thread 0x00000295bb20afb0 Exception <a 'java/lang/NoSuchMethodError'{0x00000000c3816bf0}: 'java.lang.Object java.lang.invoke.DirectMethodHandle$Holder.invokeStaticInit(java.lang.Object, java.lang.Object, int, int, int, int)'> (0x00000000c3816bf0) 
thrown [s\src\hotspot\share\interpreter\linkResolver.cpp, line 759]
Event: 7.894 Thread 0x00000295bb20afb0 Exception <a 'java/lang/NoSuchMethodError'{0x00000000c30a5018}: 'void java.lang.invoke.DirectMethodHandle$Holder.invokeSpecialIFC(java.lang.Object, java.lang.Object, java.lang.Object)'> (0x00000000c30a5018) 
thrown [s\src\hotspot\share\interpreter\linkResolver.cpp, line 759]
Event: 9.837 Thread 0x00000295bb20afb0 Exception <a 'java/lang/NoSuchMethodError'{0x00000000c7f80410}: 'int java.lang.invoke.DirectMethodHandle$Holder.invokeStaticInit(java.lang.Object, java.lang.Object, int, java.lang.Object)'> (0x00000000c7f80410) 
thrown [s\src\hotspot\share\interpreter\linkResolver.cpp, line 759]
Event: 10.685 Thread 0x00000295bb20afb0 Exception <a 'java/lang/NoSuchMethodError'{0x00000000c54ba710}: 'void java.lang.invoke.DirectMethodHandle$Holder.invokeSpecial(java.lang.Object, java.lang.Object, java.lang.Object, java.lang.Object, java.lang.Object, java.lang.Object, java.lang.Object)'> (0x00000000c54ba710) 
thrown [s\src\hotspot\share\interpreter\linkResolver.cpp, line 759]
Event: 11.094 Thread 0x00000295bb20afb0 Exception <a 'java/lang/NoSuchMethodError'{0x00000000c420e388}: 'java.lang.Object java.lang.invoke.DirectMethodHandle$Holder.invokeInterface(java.lang.Object, java.lang.Object, int)'> (0x00000000c420e388) 
thrown [s\src\hotspot\share\interpreter\linkResolver.cpp, line 759]
Event: 11.098 Thread 0x00000295bb20afb0 Exception <a 'java/lang/IncompatibleClassChangeError'{0x00000000c4225110}: Found class java.lang.Object, but interface was expected> (0x00000000c4225110) 
thrown [s\src\hotspot\share\interpreter\linkResolver.cpp, line 826]
Event: 11.437 Thread 0x00000295bb20afb0 Exception <a 'java/lang/NoSuchMethodError'{0x00000000c3c23080}: 'java.lang.Object java.lang.invoke.DirectMethodHandle$Holder.newInvokeSpecial(java.lang.Object, java.lang.Object, int, java.lang.Object, java.lang.Object)'> (0x00000000c3c23080) 
thrown [s\src\hotspot\share\interpreter\linkResolver.cpp, line 759]
Event: 11.440 Thread 0x00000295bb20afb0 Exception <a 'java/lang/NoSuchMethodError'{0x00000000c3c3a088}: 'java.lang.Object java.lang.invoke.DirectMethodHandle$Holder.newInvokeSpecial(java.lang.Object, java.lang.Object, java.lang.Object, int)'> (0x00000000c3c3a088) 
thrown [s\src\hotspot\share\interpreter\linkResolver.cpp, line 759]
Event: 11.440 Thread 0x00000295bb20afb0 Exception <a 'java/lang/NoSuchMethodError'{0x00000000c3c3e370}: 'java.lang.Object java.lang.invoke.DirectMethodHandle$Holder.invokeSpecial(java.lang.Object, java.lang.Object, java.lang.Object, java.lang.Object, int)'> (0x00000000c3c3e370) 
thrown [s\src\hotspot\share\interpreter\linkResolver.cpp, line 759]
Event: 11.441 Thread 0x00000295bb20afb0 Exception <a 'java/lang/NoSuchMethodError'{0x00000000c3c41f38}: 'java.lang.Object java.lang.invoke.Invokers$Holder.linkToTargetMethod(java.lang.Object, java.lang.Object, int, java.lang.Object)'> (0x00000000c3c41f38) 
thrown [s\src\hotspot\share\interpreter\linkResolver.cpp, line 759]
Event: 13.144 Thread 0x00000295ccf46040 Exception <a 'java/lang/NoSuchMethodError'{0x00000000c2fa6fc0}: 'java.lang.Object java.lang.invoke.DirectMethodHandle$Holder.invokeStatic(java.lang.Object, int, java.lang.Object)'> (0x00000000c2fa6fc0) 
thrown [s\src\hotspot\share\interpreter\linkResolver.cpp, line 759]
Event: 13.651 Thread 0x00000295cd57a020 Exception <a 'java/lang/NoSuchMethodError'{0x00000000c2e0c200}: 'java.lang.Object java.lang.invoke.DirectMethodHandle$Holder.invokeStatic(java.lang.Object, java.lang.Object, java.lang.Object, int, java.lang.Object, java.lang.Object)'> (0x00000000c2e0c200) 
thrown [s\src\hotspot\share\interpreter\linkResolver.cpp, line 759]
Event: 14.911 Thread 0x00000295ccefc4f0 Exception <a 'java/lang/NoSuchMethodError'{0x00000000c4211238}: 'int java.lang.invoke.DirectMethodHandle$Holder.invokeStatic(java.lang.Object)'> (0x00000000c4211238) 
thrown [s\src\hotspot\share\interpreter\linkResolver.cpp, line 759]
Event: 14.912 Thread 0x00000295ccefc4f0 Exception <a 'java/lang/NoSuchMethodError'{0x00000000c4214638}: 'int java.lang.invoke.DirectMethodHandle$Holder.invokeStaticInit(java.lang.Object)'> (0x00000000c4214638) 
thrown [s\src\hotspot\share\interpreter\linkResolver.cpp, line 759]
Event: 51.471 Thread 0x00000295cd0939a0 Exception <a 'java/lang/NoSuchMethodError'{0x00000000c42795c8}: 'void java.lang.invoke.DirectMethodHandle$Holder.invokeStatic(java.lang.Object, long)'> (0x00000000c42795c8) 
thrown [s\src\hotspot\share\interpreter\linkResolver.cpp, line 759]
Event: 51.472 Thread 0x00000295cd0939a0 Exception <a 'java/lang/NoSuchMethodError'{0x00000000c427e970}: 'java.lang.Object java.lang.invoke.DirectMethodHandle$Holder.newInvokeSpecial(java.lang.Object, long)'> (0x00000000c427e970) 
thrown [s\src\hotspot\share\interpreter\linkResolver.cpp, line 759]

VM Operations (20 events):
Event: 433.629 Executing VM operation: G1CollectFull done
Event: 443.996 Executing VM operation: G1CollectFull
Event: 444.033 Executing VM operation: G1CollectFull done
Event: 454.404 Executing VM operation: G1CollectFull
Event: 454.438 Executing VM operation: G1CollectFull done
Event: 464.736 Executing VM operation: G1CollectFull
Event: 464.765 Executing VM operation: G1CollectFull done
Event: 475.070 Executing VM operation: G1CollectFull
Event: 475.106 Executing VM operation: G1CollectFull done
Event: 485.160 Executing VM operation: Cleanup
Event: 485.160 Executing VM operation: Cleanup done
Event: 486.167 Executing VM operation: Cleanup
Event: 486.167 Executing VM operation: Cleanup done
Event: 525.403 Executing VM operation: G1CollectFull
Event: 525.441 Executing VM operation: G1CollectFull done
Event: 536.319 Executing VM operation: G1CollectFull
Event: 536.356 Executing VM operation: G1CollectFull done
Event: 547.353 Executing VM operation: G1CollectFull
Event: 547.390 Executing VM operation: G1CollectFull done
Event: 559.035 Executing VM operation: G1CollectFull

Events (20 events):
Event: 305.807 loading class java/util/concurrent/CompletableFuture$UniExceptionally done
Event: 305.808 loading class java/util/concurrent/CompletableFuture$UniApply
Event: 305.809 loading class java/util/concurrent/CompletableFuture$UniApply done
Event: 305.830 Thread 0x00000295ccefca00 Thread added: 0x00000295ccefca00
Event: 305.855 Thread 0x00000295ccefe860 Thread added: 0x00000295ccefe860
Event: 305.856 Thread 0x00000295ccefd930 Thread added: 0x00000295ccefd930
Event: 305.910 Thread 0x00000295ccefe350 Thread added: 0x00000295ccefe350
Event: 305.912 Thread 0x00000295c7a302c0 Thread added: 0x00000295c7a302c0
Event: 365.980 Thread 0x00000295ccefca00 Thread exited: 0x00000295ccefca00
Event: 366.061 Thread 0x00000295ccefe860 Thread exited: 0x00000295ccefe860
Event: 381.508 Thread 0x00000295c7a302c0 Thread exited: 0x00000295c7a302c0
Event: 384.103 Thread 0x00000295ccefd930 Thread exited: 0x00000295ccefd930
Event: 384.104 Thread 0x00000295ccefe350 Thread exited: 0x00000295ccefe350
Event: 444.112 Thread 0x00000295ccefde40 Thread exited: 0x00000295ccefde40
Event: 484.605 Thread 0x00000295ccefca00 Thread added: 0x00000295ccefca00
Event: 484.678 loading class java/util/logging/LogRecord
Event: 484.682 loading class java/util/logging/LogRecord done
Event: 485.241 Thread 0x00000295ccefd930 Thread added: 0x00000295ccefd930
Event: 545.274 Thread 0x00000295ccefd930 Thread exited: 0x00000295ccefd930
Event: 545.752 Thread 0x00000295ccefca00 Thread exited: 0x00000295ccefca00


Dynamic libraries:
0x00007ff62d570000 - 0x00007ff62d57e000 	c:\Users\bane8\.vscode\extensions\redhat.java-1.32.0-win32-x64\jre\17.0.11-win32-x86_64\bin\java.exe
0x00007ffab8cf0000 - 0x00007ffab8f07000 	C:\Windows\SYSTEM32\ntdll.dll
0x00007ffab78d0000 - 0x00007ffab7994000 	C:\Windows\System32\KERNEL32.DLL
0x00007ffab65e0000 - 0x00007ffab698d000 	C:\Windows\System32\KERNELBASE.dll
0x00007ffab1020000 - 0x00007ffab10b7000 	C:\Windows\SYSTEM32\apphelp.dll
0x00007ffab6050000 - 0x00007ffab6161000 	C:\Windows\System32\ucrtbase.dll
0x00007ffaae0c0000 - 0x00007ffaae0d7000 	c:\Users\bane8\.vscode\extensions\redhat.java-1.32.0-win32-x64\jre\17.0.11-win32-x86_64\bin\jli.dll
0x00007ffab6ae0000 - 0x00007ffab6c8e000 	C:\Windows\System32\USER32.dll
0x00007ffab6020000 - 0x00007ffab6046000 	C:\Windows\System32\win32u.dll
0x00007ffab7ff0000 - 0x00007ffab8019000 	C:\Windows\System32\GDI32.dll
0x00007ffab62e0000 - 0x00007ffab63f9000 	C:\Windows\System32\gdi32full.dll
0x00007ffab6400000 - 0x00007ffab649a000 	C:\Windows\System32\msvcp_win.dll
0x00007ffaa5660000 - 0x00007ffaa567b000 	c:\Users\bane8\.vscode\extensions\redhat.java-1.32.0-win32-x64\jre\17.0.11-win32-x86_64\bin\VCRUNTIME140.dll
0x00007ffab5210000 - 0x00007ffab54a3000 	C:\Windows\WinSxS\amd64_microsoft.windows.common-controls_6595b64144ccf1df_6.0.22621.3672_none_2713b9d173822955\COMCTL32.dll
0x00007ffab7cb0000 - 0x00007ffab7d57000 	C:\Windows\System32\msvcrt.dll
0x00007ffab7b10000 - 0x00007ffab7b41000 	C:\Windows\System32\IMM32.DLL
0x00007ffab1d40000 - 0x00007ffab1d4c000 	c:\Users\bane8\.vscode\extensions\redhat.java-1.32.0-win32-x64\jre\17.0.11-win32-x86_64\bin\vcruntime140_1.dll
0x00007ffa79b50000 - 0x00007ffa79bdd000 	c:\Users\bane8\.vscode\extensions\redhat.java-1.32.0-win32-x64\jre\17.0.11-win32-x86_64\bin\msvcp140.dll
0x00007ffa35740000 - 0x00007ffa363a2000 	c:\Users\bane8\.vscode\extensions\redhat.java-1.32.0-win32-x64\jre\17.0.11-win32-x86_64\bin\server\jvm.dll
0x00007ffab7df0000 - 0x00007ffab7ea2000 	C:\Windows\System32\ADVAPI32.dll
0x00007ffab6a30000 - 0x00007ffab6ad9000 	C:\Windows\System32\sechost.dll
0x00007ffab6a00000 - 0x00007ffab6a28000 	C:\Windows\System32\bcrypt.dll
0x00007ffab79a0000 - 0x00007ffab7ab4000 	C:\Windows\System32\RPCRT4.dll
0x00007ffab5920000 - 0x00007ffab596d000 	C:\Windows\SYSTEM32\POWRPROF.dll
0x00007ffaad6d0000 - 0x00007ffaad6d9000 	C:\Windows\SYSTEM32\WSOCK32.dll
0x00007ffab6cf0000 - 0x00007ffab6d61000 	C:\Windows\System32\WS2_32.dll
0x00007ffab11a0000 - 0x00007ffab11d4000 	C:\Windows\SYSTEM32\WINMM.dll
0x00007ffaa4a60000 - 0x00007ffaa4a6a000 	C:\Windows\SYSTEM32\VERSION.dll
0x00007ffab5520000 - 0x00007ffab5533000 	C:\Windows\SYSTEM32\UMPDC.dll
0x00007ffab4800000 - 0x00007ffab4818000 	C:\Windows\SYSTEM32\kernel.appcore.dll
0x00007ffaa8e70000 - 0x00007ffaa8e7a000 	c:\Users\bane8\.vscode\extensions\redhat.java-1.32.0-win32-x64\jre\17.0.11-win32-x86_64\bin\jimage.dll
0x00007ffab5970000 - 0x00007ffab5ba2000 	C:\Windows\SYSTEM32\DBGHELP.DLL
0x00007ffab8660000 - 0x00007ffab89e8000 	C:\Windows\System32\combase.dll
0x00007ffab77f0000 - 0x00007ffab78c7000 	C:\Windows\System32\OLEAUT32.dll
0x00007ffab5810000 - 0x00007ffab5842000 	C:\Windows\SYSTEM32\dbgcore.DLL
0x00007ffab64a0000 - 0x00007ffab651b000 	C:\Windows\System32\bcryptPrimitives.dll
0x00007ffa9fef0000 - 0x00007ffa9ff15000 	c:\Users\bane8\.vscode\extensions\redhat.java-1.32.0-win32-x64\jre\17.0.11-win32-x86_64\bin\java.dll
0x00007ffaa2fd0000 - 0x00007ffaa2fe8000 	c:\Users\bane8\.vscode\extensions\redhat.java-1.32.0-win32-x64\jre\17.0.11-win32-x86_64\bin\zip.dll
0x00007ffab6d70000 - 0x00007ffab75cf000 	C:\Windows\System32\SHELL32.dll
0x00007ffab3590000 - 0x00007ffab3e8c000 	C:\Windows\SYSTEM32\windows.storage.dll
0x00007ffab3450000 - 0x00007ffab358f000 	C:\Windows\SYSTEM32\wintypes.dll
0x00007ffab7ec0000 - 0x00007ffab7fb4000 	C:\Windows\System32\SHCORE.dll
0x00007ffab7790000 - 0x00007ffab77ee000 	C:\Windows\System32\shlwapi.dll
0x00007ffab5f50000 - 0x00007ffab5f71000 	C:\Windows\SYSTEM32\profapi.dll
0x00007ffaa2420000 - 0x00007ffaa2439000 	C:\Users\bane8\.vscode\extensions\redhat.java-1.32.0-win32-x64\jre\17.0.11-win32-x86_64\bin\net.dll
0x00007ffab1830000 - 0x00007ffab1966000 	C:\Windows\SYSTEM32\WINHTTP.dll
0x00007ffab4e10000 - 0x00007ffab4e79000 	C:\Windows\system32\mswsock.dll
0x00007ffaa1c40000 - 0x00007ffaa1c56000 	C:\Users\bane8\.vscode\extensions\redhat.java-1.32.0-win32-x64\jre\17.0.11-win32-x86_64\bin\nio.dll
0x00007ffaa5b10000 - 0x00007ffaa5b20000 	c:\Users\bane8\.vscode\extensions\redhat.java-1.32.0-win32-x64\jre\17.0.11-win32-x86_64\bin\verify.dll
0x00007ffab5cb0000 - 0x00007ffab5ccb000 	C:\Windows\SYSTEM32\CRYPTSP.dll
0x00007ffab4910000 - 0x00007ffab4945000 	C:\Windows\system32\rsaenh.dll
0x00007ffab4f10000 - 0x00007ffab4f38000 	C:\Windows\SYSTEM32\USERENV.dll
0x00007ffab5070000 - 0x00007ffab507c000 	C:\Windows\SYSTEM32\CRYPTBASE.dll
0x00007ffab42c0000 - 0x00007ffab42ed000 	C:\Windows\SYSTEM32\IPHLPAPI.DLL
0x00007ffab7eb0000 - 0x00007ffab7eb9000 	C:\Windows\System32\NSI.dll
0x00007ffab1760000 - 0x00007ffab1779000 	C:\Windows\SYSTEM32\dhcpcsvc6.DLL
0x00007ffab1740000 - 0x00007ffab175f000 	C:\Windows\SYSTEM32\dhcpcsvc.DLL
0x00007ffab4330000 - 0x00007ffab4428000 	C:\Windows\SYSTEM32\DNSAPI.dll
0x00007ffaa5ae0000 - 0x00007ffaa5ae9000 	C:\Users\bane8\.vscode\extensions\redhat.java-1.32.0-win32-x64\jre\17.0.11-win32-x86_64\bin\management.dll
0x00007ffaa55c0000 - 0x00007ffaa55cb000 	C:\Users\bane8\.vscode\extensions\redhat.java-1.32.0-win32-x64\jre\17.0.11-win32-x86_64\bin\management_ext.dll
0x00007ffab85a0000 - 0x00007ffab85a8000 	C:\Windows\System32\PSAPI.DLL

dbghelp: loaded successfully - version: 4.0.5 - missing functions: none
symbol engine: initialized successfully - sym options: 0x614 - pdb path: .;c:\Users\bane8\.vscode\extensions\redhat.java-1.32.0-win32-x64\jre\17.0.11-win32-x86_64\bin;C:\Windows\SYSTEM32;C:\Windows\WinSxS\amd64_microsoft.windows.common-controls_6595b64144ccf1df_6.0.22621.3672_none_2713b9d173822955;c:\Users\bane8\.vscode\extensions\redhat.java-1.32.0-win32-x64\jre\17.0.11-win32-x86_64\bin\server

VM Arguments:
jvm_args: -Xmx1024m -Dsts.lsp.client=vscode -Dsts.log.file=/dev/null -XX:TieredStopAtLevel=1 -Xlog:jni+resolve=off -Dspring.config.location=file:c:\Users\bane8\.vscode\extensions\vmware.vscode-spring-boot-1.56.0\language-server\BOOT-INF\classes\application.properties 
java_command: org.springframework.ide.vscode.boot.app.BootLanguageServerBootApp
java_class_path (initial): c:\Users\bane8\.vscode\extensions\vmware.vscode-spring-boot-1.56.0\language-server\BOOT-INF\classes;c:\Users\bane8\.vscode\extensions\vmware.vscode-spring-boot-1.56.0\language-server\BOOT-INF\lib\annotations-24.1.0.jar;c:\Users\bane8\.vscode\extensions\vmware.vscode-spring-boot-1.56.0\language-server\BOOT-INF\lib\antlr4-runtime-4.13.1.jar;c:\Users\bane8\.vscode\extensions\vmware.vscode-spring-boot-1.56.0\language-server\BOOT-INF\lib\asm-9.7.jar;c:\Users\bane8\.vscode\extensions\vmware.vscode-spring-boot-1.56.0\language-server\BOOT-INF\lib\asm-analysis-9.7.jar;c:\Users\bane8\.vscode\extensions\vmware.vscode-spring-boot-1.56.0\language-server\BOOT-INF\lib\asm-tree-9.7.jar;c:\Users\bane8\.vscode\extensions\vmware.vscode-spring-boot-1.56.0\language-server\BOOT-INF\lib\asm-util-9.7.jar;c:\Users\bane8\.vscode\extensions\vmware.vscode-spring-boot-1.56.0\language-server\BOOT-INF\lib\caffeine-3.1.8.jar;c:\Users\bane8\.vscode\extensions\vmware.vscode-spring-boot-1.56.0\language-server\BOOT-INF\lib\checker-qual-3.12.0.jar;c:\Users\bane8\.vscode\extensions\vmware.vscode-spring-boot-1.56.0\language-server\BOOT-INF\lib\classgraph-4.8.149.jar;c:\Users\bane8\.vscode\extensions\vmware.vscode-spring-boot-1.56.0\language-server\BOOT-INF\lib\commons-codec-1.16.1.jar;c:\Users\bane8\.vscode\extensions\vmware.vscode-spring-boot-1.56.0\language-server\BOOT-INF\lib\commons-compress-1.26.2.jar;c:\Users\bane8\.vscode\extensions\vmware.vscode-spring-boot-1.56.0\language-server\BOOT-INF\lib\commons-io-2.16.1.jar;c:\Users\bane8\.vscode\extensions\vmware.vscode-spring-boot-1.56.0\language-server\BOOT-INF\lib\commons-java-1.56.0-SNAPSHOT.jar;c:\Users\bane8\.vscode\extensions\vmware.vscode-spring-boot-1.56.0\language-server\BOOT-INF\lib\commons-lang3-3.14.0.jar;c:\Users\bane8\.vscode\extensions\vmware.vscode-spring-boot-1.56.0\language-server\BOOT-INF\lib\commons-language-server-1.56.0-SNAPSHOT.jar;c:\Users\bane8\.vscode\extensions\vmware.vscode-spring-boot-1.56.0\langu
Launcher Type: SUN_STANDARD

[Global flags]
     intx CICompilerCount                          = 3                                         {product} {ergonomic}
     uint ConcGCThreads                            = 1                                         {product} {ergonomic}
     uint G1ConcRefinementThreads                  = 4                                         {product} {ergonomic}
   size_t G1HeapRegionSize                         = 1048576                                   {product} {ergonomic}
    uintx GCDrainStackTargetSize                   = 64                                        {product} {ergonomic}
   size_t InitialHeapSize                          = 134217728                                 {product} {ergonomic}
   size_t MarkStackSize                            = 4194304                                   {product} {ergonomic}
   size_t MaxHeapSize                              = 1073741824                                {product} {command line}
   size_t MaxNewSize                               = 643825664                                 {product} {ergonomic}
   size_t MinHeapDeltaBytes                        = 1048576                                   {product} {ergonomic}
   size_t MinHeapSize                              = 8388608                                   {product} {ergonomic}
    uintx NonProfiledCodeHeapSize                  = 0                                      {pd product} {ergonomic}
     bool ProfileInterpreter                       = false                                  {pd product} {command line}
    uintx ProfiledCodeHeapSize                     = 0                                      {pd product} {ergonomic}
   size_t SoftMaxHeapSize                          = 1073741824                             {manageable} {ergonomic}
     intx TieredStopAtLevel                        = 1                                         {product} {command line}
     bool UseCompressedClassPointers               = true                           {product lp64_product} {ergonomic}
     bool UseCompressedOops                        = true                           {product lp64_product} {ergonomic}
     bool UseG1GC                                  = true                                      {product} {ergonomic}
     bool UseLargePagesIndividualAllocation        = false                                  {pd product} {ergonomic}

Logging:
Log output configuration:
 #0: stdout all=warning,jni+resolve=off uptime,level,tags
 #1: stderr all=off uptime,level,tags

Environment Variables:
PATH=C:\Program Files (x86)\VMware\VMware Player\bin\;C:\Program Files (x86)\Common Files\Oracle\Java\javapath;C:\Windows\system32;C:\Windows;C:\Windows\System32\Wbem;C:\Windows\System32\WindowsPowerShell\v1.0\;C:\Windows\System32\OpenSSH\;C:\Program Files\nodejs\;C:\Program Files\Git\cmd;C:\Program Files (x86)\Bitvise SSH Client;C:\Users\bane8\AppData\Local\Programs\Python\Python312\Scripts\;C:\Users\bane8\AppData\Local\Programs\Python\Python312\;C:\Users\bane8\AppData\Local\Microsoft\WindowsApps;C:\Users\bane8\AppData\Roaming\npm;C:\Users\bane8\AppData\Local\Programs\Microsoft VS Code\bin;C:\flutter\bin;C:\Users\bane8\AppData\Local\Android\Sdk\emulator\bin64;C:\xampp\htdocs\php;C:\Users\bane8\apache-maven-3.9.4\bin;C:\Users\bane8\AppData\Local\Android\Sdk\platform-tools;C:\Users\bane8\AppData\Local\Pub\Cache\bin;C:\Users\bane8\AppData\Local\Programs\Tesseract-OCR;C:\jdk-21\bin;
USERNAME=bane8
OS=Windows_NT
PROCESSOR_IDENTIFIER=Intel64 Family 6 Model 60 Stepping 3, GenuineIntel
TMP=C:\Users\bane8\AppData\Local\Temp
TEMP=C:\Users\bane8\AppData\Local\Temp



Periodic native trim disabled


---------------  S Y S T E M  ---------------

OS:
 Windows 11 , 64 bit Build 22621 (10.0.22621.3672)
OS uptime: 15 days 1:13 hours

CPU: total 4 (initial active 4) (2 cores per cpu, 2 threads per core) family 6 model 60 stepping 3 microcode 0x28, cx8, cmov, fxsr, ht, mmx, sse, sse2, sse3, ssse3, sse4.1, sse4.2, popcnt, lzcnt, tsc, tscinvbit, avx, avx2, aes, erms, clmul, bmi1, bmi2, fma, vzeroupper, clflush
Processor Information for all 4 processors :
  Max Mhz: 2601, Current Mhz: 2601, Mhz Limit: 2601

Memory: 4k page, system-wide physical 8070M (73M free)
TotalPageFile size 32646M (AvailPageFile size 4M)
current process WorkingSet (physical memory assigned to process): 12M, peak: 170M
current process commit charge ("private bytes"): 200M, peak: 225M

vm_info: OpenJDK 64-Bit Server VM (17.0.11+9) for windows-amd64 JRE (17.0.11+9), built on Apr 17 2024 06:07:48 by "admin" with MS VC++ 16.10 / 16.11 (VS2019)

END.
